2021-05-26 15:39:22 INFO  BaseTest:41 -打开【chrome】浏览器
2021-05-26 15:39:22 INFO  BaseTest:77 -设置全局隐式等待时间【5】秒
2021-05-26 15:39:40 INFO  BaseTest:68 -打开访问地址【http://8.129.91.152:8765//Index/login.html】
2021-05-26 15:39:40 INFO  BasePage:48 -往元素【登录页面_手机号输入框】输入了数据【18361223547】
2021-05-26 15:39:40 INFO  BasePage:48 -往元素【登录页面_密码输入框】输入了数据【smile123fan】
2021-05-26 15:39:40 INFO  BasePage:35 -点击了元素【登录页面_登录按钮】
2021-05-26 15:39:46 INFO  BasePage:35 -点击了元素【首页_抢头标按钮】
2021-05-26 15:39:46 INFO  BasePage:73 -获取元素【投资页面_标的可投金额】文本信息：【1】
2021-05-26 15:39:46 INFO  BasePage:73 -获取元素【投资页面_标的可投金额单位】文本信息：【万】
2021-05-26 15:39:46 INFO  BasePage:92 -获取【data-amount】元素的属性值【9948909.33】
2021-05-26 15:39:47 INFO  BasePage:48 -往元素【投资页面_投资金额输入框】输入了数据【100】
2021-05-26 15:39:47 INFO  BasePage:35 -点击了元素【投资页面_投标按钮】
2021-05-26 15:39:49 INFO  BasePage:73 -获取元素【投资页面_投标成功提示】文本信息：【投标成功！】
2021-05-26 15:39:49 INFO  BasePage:35 -点击了元素【投资页面_投资成功弹窗提示】
2021-05-26 15:39:53 INFO  BaseTest:113 -刷新浏览器
2021-05-26 15:39:53 INFO  BasePage:73 -获取元素【投资页面_标的可投金额】文本信息：【9900】
2021-05-26 15:39:53 INFO  BasePage:73 -获取元素【投资页面_标的可投金额单位】文本信息：【元】
2021-05-26 15:39:53 INFO  BasePage:92 -获取【data-amount】元素的属性值【9948809.33】
2021-05-26 15:39:53 INFO  Assertion:68 -断言实际值【100.0】与期望值【100.0】
2021-05-26 15:39:53 INFO  Assertion:68 -断言实际值【100.0】与期望值【100.0】
2021-05-26 15:39:54 INFO  BaseTest:96 -关闭浏览器
2021-05-26 15:39:55 INFO  BaseTest:41 -打开【chrome】浏览器
2021-05-26 15:39:56 INFO  BaseTest:68 -打开访问地址【http://8.129.91.152:8765//Index/login.html】
2021-05-26 15:39:56 INFO  BaseTest:77 -设置全局隐式等待时间【5】秒
2021-05-26 15:39:56 INFO  BasePage:48 -往元素【登录页面_手机号输入框】输入了数据【18361223547】
2021-05-26 15:39:56 INFO  BasePage:48 -往元素【登录页面_密码输入框】输入了数据【smile123fan】
2021-05-26 15:39:56 INFO  BasePage:35 -点击了元素【登录页面_登录按钮】
2021-05-26 15:39:57 INFO  BasePage:112 -判断元素【首页退出按钮】是否可见
2021-05-26 15:39:57 INFO  Assertion:22 -断言【true】是否为真
2021-05-26 15:39:58 INFO  BaseTest:96 -关闭浏览器
2021-05-26 15:39:59 INFO  BaseTest:41 -打开【chrome】浏览器
2021-05-26 15:40:00 INFO  BaseTest:68 -打开访问地址【http://8.129.91.152:8765//Index/login.html】
2021-05-26 15:40:00 INFO  BaseTest:77 -设置全局隐式等待时间【5】秒
2021-05-26 15:40:00 INFO  BasePage:48 -往元素【登录页面_手机号输入框】输入了数据【】
2021-05-26 15:40:00 INFO  BasePage:48 -往元素【登录页面_密码输入框】输入了数据【smile123fan】
2021-05-26 15:40:00 INFO  BasePage:35 -点击了元素【登录页面_登录按钮】
2021-05-26 15:40:00 INFO  BasePage:73 -获取元素【登录页面_获取输入框提示信息】文本信息：【请输入手机号】
2021-05-26 15:40:00 INFO  Assertion:55 -断言实际值【请输入手机号】与期望值【请输入手机】
2021-05-26 15:40:00 ERROR Assertion:58 -断言实际值【请输入手机号】与期望值【请输入手机】失败
2021-05-26 15:40:00 ERROR Assertion:59 -java.lang.AssertionError: expected [请输入手机] but found [请输入手机号]
2021-05-26 15:40:01 INFO  BaseTest:96 -关闭浏览器
2021-05-26 15:40:03 INFO  BaseTest:41 -打开【chrome】浏览器
2021-05-26 15:40:03 INFO  BaseTest:68 -打开访问地址【http://8.129.91.152:8765//Index/login.html】
2021-05-26 15:40:03 INFO  BaseTest:77 -设置全局隐式等待时间【5】秒
2021-05-26 15:40:04 INFO  BasePage:48 -往元素【登录页面_手机号输入框】输入了数据【1836122354】
2021-05-26 15:40:04 INFO  BasePage:48 -往元素【登录页面_密码输入框】输入了数据【smile123fan】
2021-05-26 15:40:04 INFO  BasePage:35 -点击了元素【登录页面_登录按钮】
2021-05-26 15:40:04 INFO  BasePage:73 -获取元素【登录页面_获取输入框提示信息】文本信息：【请输入正确的手机号】
2021-05-26 15:40:04 INFO  Assertion:55 -断言实际值【请输入正确的手机号】与期望值【请输入正确的手机号】
2021-05-26 15:40:04 INFO  BaseTest:96 -关闭浏览器
2021-05-26 15:40:06 INFO  BaseTest:41 -打开【chrome】浏览器
2021-05-26 15:40:06 INFO  BaseTest:68 -打开访问地址【http://8.129.91.152:8765//Index/login.html】
2021-05-26 15:40:06 INFO  BaseTest:77 -设置全局隐式等待时间【5】秒
2021-05-26 15:40:06 INFO  BasePage:48 -往元素【登录页面_手机号输入框】输入了数据【183612235471】
2021-05-26 15:40:07 INFO  BasePage:48 -往元素【登录页面_密码输入框】输入了数据【smile123fan】
2021-05-26 15:40:07 INFO  BasePage:35 -点击了元素【登录页面_登录按钮】
2021-05-26 15:40:07 INFO  BasePage:73 -获取元素【登录页面_获取输入框提示信息】文本信息：【请输入正确的手机号】
2021-05-26 15:40:07 INFO  Assertion:55 -断言实际值【请输入正确的手机号】与期望值【请输入正确的手机号】
2021-05-26 15:40:07 INFO  BaseTest:96 -关闭浏览器
2021-05-26 15:40:08 INFO  BaseTest:41 -打开【chrome】浏览器
2021-05-26 15:40:09 INFO  BaseTest:68 -打开访问地址【http://8.129.91.152:8765//Index/login.html】
2021-05-26 15:40:09 INFO  BaseTest:77 -设置全局隐式等待时间【5】秒
2021-05-26 15:40:09 INFO  BasePage:48 -往元素【登录页面_手机号输入框】输入了数据【11161223547】
2021-05-26 15:40:10 INFO  BasePage:48 -往元素【登录页面_密码输入框】输入了数据【smile123fan】
2021-05-26 15:40:10 INFO  BasePage:35 -点击了元素【登录页面_登录按钮】
2021-05-26 15:40:10 INFO  BasePage:73 -获取元素【登录页面_获取输入框提示信息】文本信息：【请输入正确的手机号】
2021-05-26 15:40:10 INFO  Assertion:55 -断言实际值【请输入正确的手机号】与期望值【请输入正确的手机号】
2021-05-26 15:40:10 INFO  BaseTest:96 -关闭浏览器
2021-05-26 15:40:11 INFO  BaseTest:41 -打开【chrome】浏览器
2021-05-26 15:40:12 INFO  BaseTest:68 -打开访问地址【http://8.129.91.152:8765//Index/login.html】
2021-05-26 15:40:12 INFO  BaseTest:77 -设置全局隐式等待时间【5】秒
2021-05-26 15:40:13 INFO  BasePage:48 -往元素【登录页面_手机号输入框】输入了数据【1585901925%】
2021-05-26 15:40:13 INFO  BasePage:48 -往元素【登录页面_密码输入框】输入了数据【smile124fan】
2021-05-26 15:40:13 INFO  BasePage:35 -点击了元素【登录页面_登录按钮】
2021-05-26 15:40:13 INFO  BasePage:73 -获取元素【登录页面_获取输入框提示信息】文本信息：【请输入正确的手机号】
2021-05-26 15:40:13 INFO  Assertion:55 -断言实际值【请输入正确的手机号】与期望值【请输入正确的手机号】
2021-05-26 15:40:13 INFO  BaseTest:96 -关闭浏览器
2021-05-26 15:40:14 INFO  BaseTest:41 -打开【chrome】浏览器
2021-05-26 15:40:15 INFO  BaseTest:68 -打开访问地址【http://8.129.91.152:8765//Index/login.html】
2021-05-26 15:40:15 INFO  BaseTest:77 -设置全局隐式等待时间【5】秒
2021-05-26 15:40:15 INFO  BasePage:48 -往元素【登录页面_手机号输入框】输入了数据【18361223547】
2021-05-26 15:40:15 INFO  BasePage:48 -往元素【登录页面_密码输入框】输入了数据【】
2021-05-26 15:40:16 INFO  BasePage:35 -点击了元素【登录页面_登录按钮】
2021-05-26 15:40:16 INFO  BasePage:73 -获取元素【登录页面_获取输入框提示信息】文本信息：【请输入密码】
2021-05-26 15:40:16 INFO  Assertion:55 -断言实际值【请输入密码】与期望值【请输入密码】
2021-05-26 15:40:16 INFO  BaseTest:96 -关闭浏览器
2021-05-26 15:40:17 INFO  BaseTest:41 -打开【chrome】浏览器
2021-05-26 15:40:18 INFO  BaseTest:68 -打开访问地址【http://8.129.91.152:8765//Index/login.html】
2021-05-26 15:40:18 INFO  BaseTest:77 -设置全局隐式等待时间【5】秒
2021-05-26 15:40:18 INFO  BasePage:48 -往元素【登录页面_手机号输入框】输入了数据【15859019266】
2021-05-26 15:40:19 INFO  BasePage:48 -往元素【登录页面_密码输入框】输入了数据【smile123fan】
2021-05-26 15:40:19 INFO  BasePage:35 -点击了元素【登录页面_登录按钮】
2021-05-26 15:40:19 INFO  BasePage:73 -获取元素【登录页面_获取账号未注册和输入错误的密码页面中间提示信息】文本信息：【此账号没有经过授权，请联系管理员!】
2021-05-26 15:40:19 INFO  Assertion:55 -断言实际值【此账号没有经过授权，请联系管理员!】与期望值【此账号没有经过授权，请联系管理员!】
2021-05-26 15:40:20 INFO  BaseTest:96 -关闭浏览器
2021-05-26 15:40:21 INFO  BaseTest:41 -打开【chrome】浏览器
2021-05-26 15:40:22 INFO  BaseTest:68 -打开访问地址【http://8.129.91.152:8765//Index/login.html】
2021-05-26 15:40:22 INFO  BaseTest:77 -设置全局隐式等待时间【5】秒
2021-05-26 15:40:22 INFO  BasePage:48 -往元素【登录页面_手机号输入框】输入了数据【18361223547】
2021-05-26 15:40:22 INFO  BasePage:48 -往元素【登录页面_密码输入框】输入了数据【smile123】
2021-05-26 15:40:22 INFO  BasePage:35 -点击了元素【登录页面_登录按钮】
2021-05-26 15:40:23 INFO  BasePage:73 -获取元素【登录页面_获取账号未注册和输入错误的密码页面中间提示信息】文本信息：【帐号或密码错误!】
2021-05-26 15:40:23 INFO  Assertion:55 -断言实际值【帐号或密码错误!】与期望值【帐号或密码错误!】
2021-05-26 15:40:24 INFO  BaseTest:96 -关闭浏览器
2021-05-26 15:40:25 INFO  BaseTest:41 -打开【chrome】浏览器
2021-05-26 15:40:26 INFO  BaseTest:68 -打开访问地址【http://8.129.91.152:8765//Index/login.html】
2021-05-26 15:40:26 INFO  BaseTest:77 -设置全局隐式等待时间【5】秒
2021-05-26 15:40:26 INFO  BasePage:48 -往元素【登录页面_手机号输入框】输入了数据【18361223547】
2021-05-26 15:40:26 INFO  BasePage:48 -往元素【登录页面_密码输入框】输入了数据【smile12312434435466】
2021-05-26 15:40:26 INFO  BasePage:35 -点击了元素【登录页面_登录按钮】
2021-05-26 15:40:27 INFO  BasePage:73 -获取元素【登录页面_获取账号未注册和输入错误的密码页面中间提示信息】文本信息：【帐号或密码错误!】
2021-05-26 15:40:27 INFO  Assertion:55 -断言实际值【帐号或密码错误!】与期望值【帐号或密码错误!】
2021-05-26 15:40:27 INFO  BaseTest:96 -关闭浏览器
2021-05-26 15:40:28 INFO  BaseTest:41 -打开【chrome】浏览器
2021-05-26 15:40:29 INFO  BaseTest:68 -打开访问地址【http://8.129.91.152:8765//Index/login.html】
2021-05-26 15:40:29 INFO  BaseTest:77 -设置全局隐式等待时间【5】秒
2021-05-26 15:40:29 INFO  BasePage:48 -往元素【登录页面_手机号输入框】输入了数据【18361223547】
2021-05-26 15:40:30 INFO  BasePage:48 -往元素【登录页面_密码输入框】输入了数据【smile123FAN】
2021-05-26 15:40:30 INFO  BasePage:35 -点击了元素【登录页面_登录按钮】
2021-05-26 15:40:30 INFO  BasePage:73 -获取元素【登录页面_获取账号未注册和输入错误的密码页面中间提示信息】文本信息：【帐号或密码错误!】
2021-05-26 15:40:30 INFO  Assertion:55 -断言实际值【帐号或密码错误!】与期望值【帐号或密码错误!】
2021-05-26 15:40:30 INFO  BaseTest:96 -关闭浏览器
2021-05-26 15:40:32 INFO  BaseTest:41 -打开【chrome】浏览器
2021-05-26 15:40:33 INFO  BaseTest:68 -打开访问地址【http://8.129.91.152:8765//Index/login.html】
2021-05-26 15:40:33 INFO  BaseTest:77 -设置全局隐式等待时间【5】秒
2021-05-26 15:40:33 INFO  BasePage:48 -往元素【登录页面_手机号输入框】输入了数据【18361223547】
2021-05-26 15:40:33 INFO  BasePage:48 -往元素【登录页面_密码输入框】输入了数据【smile 123】
2021-05-26 15:40:33 INFO  BasePage:35 -点击了元素【登录页面_登录按钮】
2021-05-26 15:40:34 INFO  BasePage:73 -获取元素【登录页面_获取账号未注册和输入错误的密码页面中间提示信息】文本信息：【帐号或密码错误!】
2021-05-26 15:40:34 INFO  Assertion:55 -断言实际值【帐号或密码错误!】与期望值【帐号或密码错误!】
2021-05-26 15:40:34 INFO  BaseTest:96 -关闭浏览器
